已經開始建置於 2015/2/2 下午 08:00:17。
     1>節點 2 (build 目標) 上的專案 "G:\WorkSpace\Workspace_VC\GolfBallDefect\GolfBallDefect\GolfBallDefect.vcxproj"。
     1>InitializeBuildStatus:
         由於指定了 "AlwaysCreate"，因此正在建立 "Debug\GolfBallDefect.unsuccessfulbuild"。
       ClCompile:
         C:\Program Files (x86)\Microsoft Visual Studio 10.0\VC\bin\CL.exe /c /IC:\OpenCV2.4\opencv\build\include\opencv2 /IC:\OpenCV2.4\opencv\build\include\opencv /IC:\OpenCV2.4\opencv\build\include /ZI /nologo /W3 /WX- /Od /Oy- /D _MBCS /Gm /EHsc /RTC1 /MDd /GS /fp:precise /Zc:wchar_t /Zc:forScope /Fo"Debug\\" /Fd"Debug\vc100.pdb" /Gd /TP /analyze- /errorReport:prompt main.cpp
         main.cpp
     1>g:\workspace\workspace_vc\golfballdefect\golfballdefect\main.cpp(245): warning C4244: '引數' : 將 'unsigned __int64' 轉換為 'double'，由於型別不同，可能導致資料遺失
     1>g:\workspace\workspace_vc\golfballdefect\golfballdefect\main.cpp(245): warning C4244: '引數' : 將 'unsigned __int64' 轉換為 'double'，由於型別不同，可能導致資料遺失
     1>g:\workspace\workspace_vc\golfballdefect\golfballdefect\main.cpp(245): warning C4244: '引數' : 將 'unsigned __int64' 轉換為 'double'，由於型別不同，可能導致資料遺失
     1>g:\workspace\workspace_vc\golfballdefect\golfballdefect\main.cpp(300): warning C4309: '=' : 轉換導致常數值遭截斷; 可能需要使用較大的型別
       Link:
         C:\Program Files (x86)\Microsoft Visual Studio 10.0\VC\bin\link.exe /ERRORREPORT:PROMPT /OUT:"G:\WorkSpace\Workspace_VC\GolfBallDefect\Debug\GolfBallDefect.exe" /NOLOGO opencv_calib3d2410d.lib opencv_contrib2410d.lib opencv_core2410d.lib opencv_features2d2410d.lib opencv_flann2410d.lib opencv_gpu2410d.lib opencv_highgui2410d.lib opencv_imgproc2410d.lib opencv_legacy2410d.lib opencv_ml2410d.lib opencv_nonfree2410d.lib opencv_objdetect2410d.lib opencv_photo2410d.lib opencv_stitching2410d.lib opencv_superres2410d.lib opencv_ts2410d.lib opencv_video2410d.lib opencv_videostab2410d.lib kernel32.lib user32.lib gdi32.lib winspool.lib comdlg32.lib advapi32.lib shell32.lib ole32.lib oleaut32.lib uuid.lib odbc32.lib odbccp32.lib /MANIFEST /ManifestFile:"Debug\GolfBallDefect.exe.intermediate.manifest" /MANIFESTUAC:"level='asInvoker' uiAccess='false'" /DEBUG /PDB:"G:\WorkSpace\Workspace_VC\GolfBallDefect\Debug\GolfBallDefect.pdb" /TLBID:1 /DYNAMICBASE /NXCOMPAT /IMPLIB:"G:\WorkSpace\Workspace_VC\GolfBallDefect\Debug\GolfBallDefect.lib" /MACHINE:X86 Debug\main.obj
         LINK : 最後的累加連結找不到或未建置 G:\WorkSpace\Workspace_VC\GolfBallDefect\Debug\GolfBallDefect.exe，正在執行完整連結
         GolfBallDefect.vcxproj -> G:\WorkSpace\Workspace_VC\GolfBallDefect\Debug\GolfBallDefect.exe
       Manifest:
         C:\Program Files (x86)\Microsoft SDKs\Windows\v7.0A\bin\mt.exe /nologo /verbose /outputresource:"G:\WorkSpace\Workspace_VC\GolfBallDefect\Debug\GolfBallDefect.exe;#1" /manifest Debug\GolfBallDefect.exe.intermediate.manifest
       FinalizeBuildStatus:
         正在刪除檔案 "Debug\GolfBallDefect.unsuccessfulbuild"。
         正在變更時間戳記 "Debug\GolfBallDefect.lastbuildstate"。
     1>專案 "G:\WorkSpace\Workspace_VC\GolfBallDefect\GolfBallDefect\GolfBallDefect.vcxproj" (build 目標) 建置完成。

建置成功。

經過時間 00:00:01.06
